# JRE version: OpenJDK Runtime Environment (18.0.1.1+2) (build 18.0.1.1+2-6)
# Java VM: OpenJDK 64-Bit Server VM (18.0.1.1+2-6, mixed mode, emulated-client, sharing, tiered, compressed oops, compressed class ptrs, g1 gc, windows-amd64)
GC Precious Log:
 CardTable entry size: 512
 Card Set container configuration: InlinePtr #cards 4 size 8 Array Of Cards #cards 32 size 80 Howl #buckets 8 coarsen threshold 7372 Howl Bitmap #cards 1024 size 144 coarsen threshold 921 Card regions per heap region 1 cards per card region 8192
 CPUs: 8 total, 8 available
 Memory: 32510M
 Large Page Support: Disabled
 NUMA Support: Disabled
 Compressed Oops: Enabled (Zero based)
 Heap Region Size: 4M
 Heap Min Capacity: 8M
 Heap Initial Capacity: 508M
 Heap Max Capacity: 8128M
 Pre-touch: Disabled
 Parallel Workers: 8
 Concurrent Workers: 2
 Concurrent Refinement Workers: 8
 Periodic GC: Disabled
Heap:
 garbage-first heap   total 110592K, used 44121K [0x0000000604000000, 0x0000000800000000)
  region size 4096K, 7 young (28672K), 1 survivors (4096K)
 Metaspace       used 46327K, committed 46912K, reserved 1114112K
  class space    used 6446K, committed 6720K, reserved 1048576K
GC Heap History (20 events):
Event: 11270.387 GC heap after
{Heap after GC invocations=52 (full 8):
 garbage-first heap   total 69632K, used 22732K [0x0000000604000000, 0x0000000800000000)
  region size 4096K, 1 young (4096K), 1 survivors (4096K)
 Metaspace       used 46163K, committed 46848K, reserved 1114112K
  class space    used 6422K, committed 6720K, reserved 1048576K
}
Event: 11272.815 GC heap before
{Heap before GC invocations=52 (full 8):
 garbage-first heap   total 69632K, used 47308K [0x0000000604000000, 0x0000000800000000)
  region size 4096K, 7 young (28672K), 1 survivors (4096K)
 Metaspace       used 46182K, committed 46848K, reserved 1114112K
  class space    used 6426K, committed 6720K, reserved 1048576K
}
Event: 11272.823 GC heap after
{Heap after GC invocations=53 (full 8):
 garbage-first heap   total 77824K, used 44661K [0x0000000604000000, 0x0000000800000000)
  region size 4096K, 1 young (4096K), 1 survivors (4096K)
 Metaspace       used 46182K, committed 46848K, reserved 1114112K
  class space    used 6426K, committed 6720K, reserved 1048576K
}
Event: 11272.839 GC heap before
{Heap before GC invocations=53 (full 8):
 garbage-first heap   total 77824K, used 48757K [0x0000000604000000, 0x0000000800000000)
  region size 4096K, 2 young (8192K), 1 survivors (4096K)
 Metaspace       used 46182K, committed 46848K, reserved 1114112K
  class space    used 6426K, committed 6720K, reserved 1048576K
}
Event: 11272.843 GC heap after
{Heap after GC invocations=54 (full 8):
 garbage-first heap   total 77824K, used 50022K [0x0000000604000000, 0x0000000800000000)
  region size 4096K, 1 young (4096K), 1 survivors (4096K)
 Metaspace       used 46182K, committed 46848K, reserved 1114112K
  class space    used 6426K, committed 6720K, reserved 1048576K
}
Event: 11272.861 GC heap before
{Heap before GC invocations=54 (full 8):
 garbage-first heap   total 77824K, used 54118K [0x0000000604000000, 0x0000000800000000)
  region size 4096K, 2 young (8192K), 1 survivors (4096K)
 Metaspace       used 46182K, committed 46848K, reserved 1114112K
  class space    used 6426K, committed 6720K, reserved 1048576K
}
Event: 11272.864 GC heap after
{Heap after GC invocations=55 (full 8):
 garbage-first heap   total 77824K, used 55307K [0x0000000604000000, 0x0000000800000000)
  region size 4096K, 1 young (4096K), 1 survivors (4096K)
 Metaspace       used 46182K, committed 46848K, reserved 1114112K
  class space    used 6426K, committed 6720K, reserved 1048576K
}
Event: 11272.887 GC heap before
{Heap before GC invocations=56 (full 8):
 garbage-first heap   total 102400K, used 59403K [0x0000000604000000, 0x0000000800000000)
  region size 4096K, 2 young (8192K), 1 survivors (4096K)
 Metaspace       used 46182K, committed 46848K, reserved 1114112K
  class space    used 6426K, committed 6720K, reserved 1048576K
}
Event: 11272.890 GC heap after
{Heap after GC invocations=57 (full 8):
 garbage-first heap   total 102400K, used 59965K [0x0000000604000000, 0x0000000800000000)
  region size 4096K, 1 young (4096K), 1 survivors (4096K)
 Metaspace       used 46182K, committed 46848K, reserved 1114112K
  class space    used 6426K, committed 6720K, reserved 1048576K
}
Event: 11272.907 GC heap before
{Heap before GC invocations=57 (full 8):
 garbage-first heap   total 102400K, used 64061K [0x0000000604000000, 0x0000000800000000)
  region size 4096K, 2 young (8192K), 1 survivors (4096K)
 Metaspace       used 46182K, committed 46848K, reserved 1114112K
  class space    used 6426K, committed 6720K, reserved 1048576K
}
Event: 11272.911 GC heap after
{Heap after GC invocations=58 (full 8):
 garbage-first heap   total 102400K, used 64520K [0x0000000604000000, 0x0000000800000000)
  region size 4096K, 1 young (4096K), 1 survivors (4096K)
 Metaspace       used 46182K, committed 46848K, reserved 1114112K
  class space    used 6426K, committed 6720K, reserved 1048576K
}
Event: 11272.967 GC heap before
{Heap before GC invocations=59 (full 8):
 garbage-first heap   total 122880K, used 68616K [0x0000000604000000, 0x0000000800000000)
  region size 4096K, 2 young (8192K), 1 survivors (4096K)
 Metaspace       used 46182K, committed 46848K, reserved 1114112K
  class space    used 6426K, committed 6720K, reserved 1048576K
}
Event: 11272.968 GC heap after
{Heap after GC invocations=60 (full 8):
 garbage-first heap   total 323584K, used 61660K [0x0000000604000000, 0x0000000800000000)
  region size 4096K, 1 young (4096K), 1 survivors (4096K)
 Metaspace       used 46182K, committed 46848K, reserved 1114112K
  class space    used 6426K, committed 6720K, reserved 1048576K
}
Event: 11273.003 GC heap before
{Heap before GC invocations=60 (full 8):
 garbage-first heap   total 323584K, used 69852K [0x0000000604000000, 0x0000000800000000)
  region size 4096K, 3 young (12288K), 1 survivors (4096K)
 Metaspace       used 46187K, committed 46848K, reserved 1114112K
  class space    used 6428K, committed 6720K, reserved 1048576K
}
Event: 11273.006 GC heap after
{Heap after GC invocations=61 (full 8):
 garbage-first heap   total 323584K, used 64887K [0x0000000604000000, 0x0000000800000000)
  region size 4096K, 1 young (4096K), 1 survivors (4096K)
 Metaspace       used 46187K, committed 46848K, reserved 1114112K
  class space    used 6428K, committed 6720K, reserved 1048576K
}
Event: 11294.273 GC heap before
{Heap before GC invocations=61 (full 8):
 garbage-first heap   total 323584K, used 138615K [0x0000000604000000, 0x0000000800000000)
  region size 4096K, 20 young (81920K), 1 survivors (4096K)
 Metaspace       used 46187K, committed 46848K, reserved 1114112K
  class space    used 6428K, committed 6720K, reserved 1048576K
}
Event: 11294.275 GC heap after
{Heap after GC invocations=62 (full 8):
 garbage-first heap   total 323584K, used 61625K [0x0000000604000000, 0x0000000800000000)
  region size 4096K, 1 young (4096K), 1 survivors (4096K)
 Metaspace       used 46187K, committed 46848K, reserved 1114112K
  class space    used 6428K, committed 6720K, reserved 1048576K
}
Event: 11338.829 GC heap before
{Heap before GC invocations=62 (full 8):
 garbage-first heap   total 323584K, used 106681K [0x0000000604000000, 0x0000000800000000)
  region size 4096K, 14 young (57344K), 1 survivors (4096K)
 Metaspace       used 46190K, committed 46848K, reserved 1114112K
  class space    used 6429K, committed 6720K, reserved 1048576K
}
Event: 11338.852 GC heap after
{Heap after GC invocations=63 (full 9):
 garbage-first heap   total 110592K, used 19545K [0x0000000604000000, 0x0000000800000000)
  region size 4096K, 0 young (0K), 0 survivors (0K)
 Metaspace       used 46190K, committed 46848K, reserved 1114112K
  class space    used 6429K, committed 6720K, reserved 1048576K
}
Event: 11509.041 GC heap before
{Heap before GC invocations=63 (full 9):
 garbage-first heap   total 110592K, used 44121K [0x0000000604000000, 0x0000000800000000)
  region size 4096K, 6 young (24576K), 0 survivors (0K)
 Metaspace       used 46327K, committed 46912K, reserved 1114112K
  class space    used 6446K, committed 6720K, reserved 1048576K
}

