# JRE version: OpenJDK Runtime Environment (18.0.1.1+2) (build 18.0.1.1+2-6)
# Java VM: OpenJDK 64-Bit Server VM (18.0.1.1+2-6, mixed mode, emulated-client, sharing, tiered, compressed oops, compressed class ptrs, g1 gc, windows-amd64)
GC Precious Log:
 CardTable entry size: 512
 Card Set container configuration: InlinePtr #cards 4 size 8 Array Of Cards #cards 32 size 80 Howl #buckets 8 coarsen threshold 7372 Howl Bitmap #cards 1024 size 144 coarsen threshold 921 Card regions per heap region 1 cards per card region 8192
 CPUs: 8 total, 8 available
 Memory: 32510M
 Large Page Support: Disabled
 NUMA Support: Disabled
 Compressed Oops: Enabled (Zero based)
 Heap Region Size: 4M
 Heap Min Capacity: 8M
 Heap Initial Capacity: 508M
 Heap Max Capacity: 8128M
 Pre-touch: Disabled
 Parallel Workers: 8
 Concurrent Workers: 2
 Concurrent Refinement Workers: 8
 Periodic GC: Disabled
Heap:
 garbage-first heap   total 69632K, used 42437K [0x0000000604000000, 0x0000000800000000)
  region size 4096K, 8 young (32768K), 2 survivors (8192K)
 Metaspace       used 47515K, committed 48128K, reserved 1114112K
  class space    used 6627K, committed 6912K, reserved 1048576K
GC Heap History (20 events):
Event: 1828.661 GC heap before
{Heap before GC invocations=17 (full 0):
 garbage-first heap   total 81920K, used 63858K [0x0000000604000000, 0x0000000800000000)
  region size 4096K, 11 young (45056K), 1 survivors (4096K)
 Metaspace       used 47098K, committed 47680K, reserved 1114112K
  class space    used 6569K, committed 6848K, reserved 1048576K
}
Event: 1828.664 GC heap after
{Heap after GC invocations=18 (full 0):
 garbage-first heap   total 81920K, used 22895K [0x0000000604000000, 0x0000000800000000)
  region size 4096K, 1 young (4096K), 1 survivors (4096K)
 Metaspace       used 47098K, committed 47680K, reserved 1114112K
  class space    used 6569K, committed 6848K, reserved 1048576K
}
Event: 2391.569 GC heap before
{Heap before GC invocations=18 (full 0):
 garbage-first heap   total 81920K, used 67951K [0x0000000604000000, 0x0000000800000000)
  region size 4096K, 12 young (49152K), 1 survivors (4096K)
 Metaspace       used 47098K, committed 47680K, reserved 1114112K
  class space    used 6569K, committed 6848K, reserved 1048576K
}
Event: 2391.575 GC heap after
{Heap after GC invocations=19 (full 0):
 garbage-first heap   total 81920K, used 22817K [0x0000000604000000, 0x0000000800000000)
  region size 4096K, 1 young (4096K), 1 survivors (4096K)
 Metaspace       used 47098K, committed 47680K, reserved 1114112K
  class space    used 6569K, committed 6848K, reserved 1048576K
}
Event: 2954.961 GC heap before
{Heap before GC invocations=19 (full 0):
 garbage-first heap   total 81920K, used 67873K [0x0000000604000000, 0x0000000800000000)
  region size 4096K, 12 young (49152K), 1 survivors (4096K)
 Metaspace       used 47099K, committed 47680K, reserved 1114112K
  class space    used 6569K, committed 6848K, reserved 1048576K
}
Event: 2954.967 GC heap after
{Heap after GC invocations=20 (full 0):
 garbage-first heap   total 81920K, used 22801K [0x0000000604000000, 0x0000000800000000)
  region size 4096K, 1 young (4096K), 1 survivors (4096K)
 Metaspace       used 47099K, committed 47680K, reserved 1114112K
  class space    used 6569K, committed 6848K, reserved 1048576K
}
Event: 3520.408 GC heap before
{Heap before GC invocations=20 (full 0):
 garbage-first heap   total 81920K, used 67857K [0x0000000604000000, 0x0000000800000000)
  region size 4096K, 12 young (49152K), 1 survivors (4096K)
 Metaspace       used 47099K, committed 47680K, reserved 1114112K
  class space    used 6569K, committed 6848K, reserved 1048576K
}
Event: 3520.413 GC heap after
{Heap after GC invocations=21 (full 0):
 garbage-first heap   total 81920K, used 22838K [0x0000000604000000, 0x0000000800000000)
  region size 4096K, 1 young (4096K), 1 survivors (4096K)
 Metaspace       used 47099K, committed 47680K, reserved 1114112K
  class space    used 6569K, committed 6848K, reserved 1048576K
}
Event: 3762.275 GC heap before
{Heap before GC invocations=21 (full 0):
 garbage-first heap   total 81920K, used 43318K [0x0000000604000000, 0x0000000800000000)
  region size 4096K, 7 young (28672K), 1 survivors (4096K)
 Metaspace       used 47214K, committed 47744K, reserved 1114112K
  class space    used 6600K, committed 6848K, reserved 1048576K
}
Event: 3762.321 GC heap after
{Heap after GC invocations=22 (full 1):
 garbage-first heap   total 81920K, used 17822K [0x0000000604000000, 0x0000000800000000)
  region size 4096K, 0 young (0K), 0 survivors (0K)
 Metaspace       used 46928K, committed 47744K, reserved 1114112K
  class space    used 6533K, committed 6848K, reserved 1048576K
}
Event: 3768.507 GC heap before
{Heap before GC invocations=22 (full 1):
 garbage-first heap   total 81920K, used 58782K [0x0000000604000000, 0x0000000800000000)
  region size 4096K, 11 young (45056K), 0 survivors (0K)
 Metaspace       used 47399K, committed 48000K, reserved 1114112K
  class space    used 6616K, committed 6912K, reserved 1048576K
}
Event: 3768.550 GC heap after
{Heap after GC invocations=23 (full 2):
 garbage-first heap   total 81920K, used 19912K [0x0000000604000000, 0x0000000800000000)
  region size 4096K, 0 young (0K), 0 survivors (0K)
 Metaspace       used 47346K, committed 48000K, reserved 1114112K
  class space    used 6604K, committed 6912K, reserved 1048576K
}
Event: 3867.005 GC heap before
{Heap before GC invocations=23 (full 2):
 garbage-first heap   total 81920K, used 64968K [0x0000000604000000, 0x0000000800000000)
  region size 4096K, 11 young (45056K), 0 survivors (0K)
 Metaspace       used 47587K, committed 48128K, reserved 1114112K
  class space    used 6638K, committed 6912K, reserved 1048576K
}
Event: 3867.011 GC heap after
{Heap after GC invocations=24 (full 2):
 garbage-first heap   total 81920K, used 24323K [0x0000000604000000, 0x0000000800000000)
  region size 4096K, 2 young (8192K), 2 survivors (8192K)
 Metaspace       used 47587K, committed 48128K, reserved 1114112K
  class space    used 6638K, committed 6912K, reserved 1048576K
}
Event: 4277.629 GC heap before
{Heap before GC invocations=24 (full 2):
 garbage-first heap   total 81920K, used 57091K [0x0000000604000000, 0x0000000800000000)
  region size 4096K, 10 young (40960K), 2 survivors (8192K)
 Metaspace       used 47587K, committed 48128K, reserved 1114112K
  class space    used 6638K, committed 6912K, reserved 1048576K
}
Event: 4277.633 GC heap after
{Heap after GC invocations=25 (full 2):
 garbage-first heap   total 81920K, used 24662K [0x0000000604000000, 0x0000000800000000)
  region size 4096K, 1 young (4096K), 1 survivors (4096K)
 Metaspace       used 47587K, committed 48128K, reserved 1114112K
  class space    used 6638K, committed 6912K, reserved 1048576K
}
Event: 4293.916 GC heap before
{Heap before GC invocations=25 (full 2):
 garbage-first heap   total 81920K, used 24662K [0x0000000604000000, 0x0000000800000000)
  region size 4096K, 2 young (8192K), 1 survivors (4096K)
 Metaspace       used 47589K, committed 48128K, reserved 1114112K
  class space    used 6638K, committed 6912K, reserved 1048576K
}
Event: 4293.956 GC heap after
{Heap after GC invocations=26 (full 3):
 garbage-first heap   total 69632K, used 17814K [0x0000000604000000, 0x0000000800000000)
  region size 4096K, 0 young (0K), 0 survivors (0K)
 Metaspace       used 47192K, committed 48128K, reserved 1114112K
  class space    used 6573K, committed 6912K, reserved 1048576K
}
Event: 5364.366 GC heap before
{Heap before GC invocations=26 (full 3):
 garbage-first heap   total 69632K, used 54678K [0x0000000604000000, 0x0000000800000000)
  region size 4096K, 9 young (36864K), 0 survivors (0K)
 Metaspace       used 47472K, committed 48128K, reserved 1114112K
  class space    used 6620K, committed 6912K, reserved 1048576K
}
Event: 5364.375 GC heap after
{Heap after GC invocations=27 (full 3):
 garbage-first heap   total 69632K, used 21957K [0x0000000604000000, 0x0000000800000000)
  region size 4096K, 2 young (8192K), 2 survivors (8192K)
 Metaspace       used 47472K, committed 48128K, reserved 1114112K
  class space    used 6620K, committed 6912K, reserved 1048576K
}

