# JRE version: OpenJDK Runtime Environment (18.0.1.1+2) (build 18.0.1.1+2-6)
# Java VM: OpenJDK 64-Bit Server VM (18.0.1.1+2-6, mixed mode, emulated-client, sharing, tiered, compressed oops, compressed class ptrs, g1 gc, windows-amd64)
GC Precious Log:
 CardTable entry size: 512
 Card Set container configuration: InlinePtr #cards 4 size 8 Array Of Cards #cards 32 size 80 Howl #buckets 8 coarsen threshold 7372 Howl Bitmap #cards 1024 size 144 coarsen threshold 921 Card regions per heap region 1 cards per card region 8192
 CPUs: 8 total, 8 available
 Memory: 32510M
 Large Page Support: Disabled
 NUMA Support: Disabled
 Compressed Oops: Enabled (Zero based)
 Heap Region Size: 4M
 Heap Min Capacity: 8M
 Heap Initial Capacity: 508M
 Heap Max Capacity: 8128M
 Pre-touch: Disabled
 Parallel Workers: 8
 Concurrent Workers: 2
 Concurrent Refinement Workers: 8
 Periodic GC: Disabled
Heap:
 garbage-first heap   total 69632K, used 47195K [0x0000000604000000, 0x0000000800000000)
  region size 4096K, 8 young (32768K), 1 survivors (4096K)
 Metaspace       used 49474K, committed 50368K, reserved 1114112K
  class space    used 6902K, committed 7360K, reserved 1048576K
GC Heap History (20 events):
Event: 6619.266 GC heap after
{Heap after GC invocations=66 (full 23):
 garbage-first heap   total 69632K, used 20170K [0x0000000604000000, 0x0000000800000000)
  region size 4096K, 0 young (0K), 0 survivors (0K)
 Metaspace       used 48545K, committed 49344K, reserved 1114112K
  class space    used 6760K, committed 7168K, reserved 1048576K
}
Event: 6619.547 GC heap before
{Heap before GC invocations=66 (full 23):
 garbage-first heap   total 69632K, used 48842K [0x0000000604000000, 0x0000000800000000)
  region size 4096K, 7 young (28672K), 0 survivors (0K)
 Metaspace       used 48669K, committed 49472K, reserved 1114112K
  class space    used 6775K, committed 7168K, reserved 1048576K
}
Event: 6619.549 GC heap after
{Heap after GC invocations=67 (full 23):
 garbage-first heap   total 69632K, used 23730K [0x0000000604000000, 0x0000000800000000)
  region size 4096K, 1 young (4096K), 1 survivors (4096K)
 Metaspace       used 48669K, committed 49472K, reserved 1114112K
  class space    used 6775K, committed 7168K, reserved 1048576K
}
Event: 6700.119 GC heap before
{Heap before GC invocations=67 (full 23):
 garbage-first heap   total 69632K, used 31922K [0x0000000604000000, 0x0000000800000000)
  region size 4096K, 4 young (16384K), 1 survivors (4096K)
 Metaspace       used 48695K, committed 49472K, reserved 1114112K
  class space    used 6782K, committed 7168K, reserved 1048576K
}
Event: 6700.193 GC heap after
{Heap after GC invocations=68 (full 24):
 garbage-first heap   total 69632K, used 20228K [0x0000000604000000, 0x0000000800000000)
  region size 4096K, 0 young (0K), 0 survivors (0K)
 Metaspace       used 48688K, committed 49472K, reserved 1114112K
  class space    used 6780K, committed 7168K, reserved 1048576K
}
Event: 6700.478 GC heap before
{Heap before GC invocations=68 (full 24):
 garbage-first heap   total 69632K, used 48900K [0x0000000604000000, 0x0000000800000000)
  region size 4096K, 7 young (28672K), 0 survivors (0K)
 Metaspace       used 48811K, committed 49536K, reserved 1114112K
  class space    used 6795K, committed 7168K, reserved 1048576K
}
Event: 6700.481 GC heap after
{Heap after GC invocations=69 (full 24):
 garbage-first heap   total 69632K, used 23747K [0x0000000604000000, 0x0000000800000000)
  region size 4096K, 1 young (4096K), 1 survivors (4096K)
 Metaspace       used 48811K, committed 49536K, reserved 1114112K
  class space    used 6795K, committed 7168K, reserved 1048576K
}
Event: 7022.402 GC heap before
{Heap before GC invocations=69 (full 24):
 garbage-first heap   total 69632K, used 48323K [0x0000000604000000, 0x0000000800000000)
  region size 4096K, 7 young (28672K), 1 survivors (4096K)
 Metaspace       used 49138K, committed 49856K, reserved 1114112K
  class space    used 6846K, committed 7232K, reserved 1048576K
}
Event: 7022.405 GC heap after
{Heap after GC invocations=70 (full 24):
 garbage-first heap   total 69632K, used 24774K [0x0000000604000000, 0x0000000800000000)
  region size 4096K, 1 young (4096K), 1 survivors (4096K)
 Metaspace       used 49138K, committed 49856K, reserved 1114112K
  class space    used 6846K, committed 7232K, reserved 1048576K
}
Event: 7146.510 GC heap before
{Heap before GC invocations=70 (full 24):
 garbage-first heap   total 69632K, used 28870K [0x0000000604000000, 0x0000000800000000)
  region size 4096K, 3 young (12288K), 1 survivors (4096K)
 Metaspace       used 49138K, committed 49856K, reserved 1114112K
  class space    used 6846K, committed 7232K, reserved 1048576K
}
Event: 7146.577 GC heap after
{Heap after GC invocations=71 (full 25):
 garbage-first heap   total 69632K, used 18485K [0x0000000604000000, 0x0000000800000000)
  region size 4096K, 0 young (0K), 0 survivors (0K)
 Metaspace       used 49067K, committed 49856K, reserved 1114112K
  class space    used 6832K, committed 7232K, reserved 1048576K
}
Event: 7146.890 GC heap before
{Heap before GC invocations=71 (full 25):
 garbage-first heap   total 69632K, used 47157K [0x0000000604000000, 0x0000000800000000)
  region size 4096K, 7 young (28672K), 0 survivors (0K)
 Metaspace       used 49296K, committed 50112K, reserved 1114112K
  class space    used 6872K, committed 7296K, reserved 1048576K
}
Event: 7146.892 GC heap after
{Heap after GC invocations=72 (full 25):
 garbage-first heap   total 69632K, used 22870K [0x0000000604000000, 0x0000000800000000)
  region size 4096K, 1 young (4096K), 1 survivors (4096K)
 Metaspace       used 49296K, committed 50112K, reserved 1114112K
  class space    used 6872K, committed 7296K, reserved 1048576K
}
Event: 7365.765 GC heap before
{Heap before GC invocations=72 (full 25):
 garbage-first heap   total 69632K, used 43350K [0x0000000604000000, 0x0000000800000000)
  region size 4096K, 6 young (24576K), 1 survivors (4096K)
 Metaspace       used 49415K, committed 50304K, reserved 1114112K
  class space    used 6897K, committed 7360K, reserved 1048576K
}
Event: 7365.768 GC heap after
{Heap after GC invocations=73 (full 25):
 garbage-first heap   total 69632K, used 24934K [0x0000000604000000, 0x0000000800000000)
  region size 4096K, 1 young (4096K), 1 survivors (4096K)
 Metaspace       used 49415K, committed 50304K, reserved 1114112K
  class space    used 6897K, committed 7360K, reserved 1048576K
}
Event: 7656.466 GC heap before
{Heap before GC invocations=73 (full 25):
 garbage-first heap   total 69632K, used 41318K [0x0000000604000000, 0x0000000800000000)
  region size 4096K, 5 young (20480K), 1 survivors (4096K)
 Metaspace       used 49415K, committed 50304K, reserved 1114112K
  class space    used 6897K, committed 7360K, reserved 1048576K
}
Event: 7656.469 GC heap after
{Heap after GC invocations=74 (full 25):
 garbage-first heap   total 69632K, used 24760K [0x0000000604000000, 0x0000000800000000)
  region size 4096K, 1 young (4096K), 1 survivors (4096K)
 Metaspace       used 49415K, committed 50304K, reserved 1114112K
  class space    used 6897K, committed 7360K, reserved 1048576K
}
Event: 7883.149 GC heap before
{Heap before GC invocations=74 (full 25):
 garbage-first heap   total 69632K, used 37048K [0x0000000604000000, 0x0000000800000000)
  region size 4096K, 5 young (20480K), 1 survivors (4096K)
 Metaspace       used 49446K, committed 50304K, reserved 1114112K
  class space    used 6907K, committed 7360K, reserved 1048576K
}
Event: 7883.212 GC heap after
{Heap after GC invocations=75 (full 26):
 garbage-first heap   total 69632K, used 18523K [0x0000000604000000, 0x0000000800000000)
  region size 4096K, 0 young (0K), 0 survivors (0K)
 Metaspace       used 49232K, committed 50304K, reserved 1114112K
  class space    used 6856K, committed 7360K, reserved 1048576K
}
Event: 8503.952 GC heap before
{Heap before GC invocations=75 (full 26):
 garbage-first heap   total 69632K, used 47195K [0x0000000604000000, 0x0000000800000000)
  region size 4096K, 7 young (28672K), 0 survivors (0K)
 Metaspace       used 49474K, committed 50368K, reserved 1114112K
  class space    used 6902K, committed 7360K, reserved 1048576K
}

