# JRE version: OpenJDK Runtime Environment (18.0.1.1+2) (build 18.0.1.1+2-6)
# Java VM: OpenJDK 64-Bit Server VM (18.0.1.1+2-6, mixed mode, emulated-client, sharing, tiered, compressed oops, compressed class ptrs, g1 gc, windows-amd64)
GC Precious Log:
 CardTable entry size: 512
 Card Set container configuration: InlinePtr #cards 4 size 8 Array Of Cards #cards 32 size 80 Howl #buckets 8 coarsen threshold 7372 Howl Bitmap #cards 1024 size 144 coarsen threshold 921 Card regions per heap region 1 cards per card region 8192
 CPUs: 8 total, 8 available
 Memory: 32510M
 Large Page Support: Disabled
 NUMA Support: Disabled
 Compressed Oops: Enabled (Zero based)
 Heap Region Size: 4M
 Heap Min Capacity: 8M
 Heap Initial Capacity: 508M
 Heap Max Capacity: 8128M
 Pre-touch: Disabled
 Parallel Workers: 8
 Concurrent Workers: 2
 Concurrent Refinement Workers: 8
 Periodic GC: Disabled
Heap:
 garbage-first heap   total 81920K, used 47029K [0x0000000604000000, 0x0000000800000000)
  region size 4096K, 8 young (32768K), 0 survivors (0K)
 Metaspace       used 47862K, committed 48576K, reserved 1114112K
  class space    used 6642K, committed 6976K, reserved 1048576K
GC Heap History (20 events):
Event: 1.525 GC heap before
{Heap before GC invocations=5 (full 0):
 garbage-first heap   total 69632K, used 63667K [0x0000000604000000, 0x0000000800000000)
  region size 4096K, 15 young (61440K), 2 survivors (8192K)
 Metaspace       used 24021K, committed 24384K, reserved 1114112K
  class space    used 3115K, committed 3264K, reserved 1048576K
}
Event: 1.529 GC heap after
{Heap after GC invocations=6 (full 0):
 garbage-first heap   total 77824K, used 11511K [0x0000000604000000, 0x0000000800000000)
  region size 4096K, 2 young (8192K), 2 survivors (8192K)
 Metaspace       used 24021K, committed 24384K, reserved 1114112K
  class space    used 3115K, committed 3264K, reserved 1048576K
}
Event: 1.561 GC heap before
{Heap before GC invocations=6 (full 0):
 garbage-first heap   total 77824K, used 15607K [0x0000000604000000, 0x0000000800000000)
  region size 4096K, 3 young (12288K), 2 survivors (8192K)
 Metaspace       used 24373K, committed 24704K, reserved 1114112K
  class space    used 3188K, committed 3328K, reserved 1048576K
}
Event: 1.565 GC heap after
{Heap after GC invocations=7 (full 0):
 garbage-first heap   total 77824K, used 11602K [0x0000000604000000, 0x0000000800000000)
  region size 4096K, 1 young (4096K), 1 survivors (4096K)
 Metaspace       used 24373K, committed 24704K, reserved 1114112K
  class space    used 3188K, committed 3328K, reserved 1048576K
}
Event: 1.864 GC heap before
{Heap before GC invocations=7 (full 0):
 garbage-first heap   total 77824K, used 52562K [0x0000000604000000, 0x0000000800000000)
  region size 4096K, 11 young (45056K), 1 survivors (4096K)
 Metaspace       used 28001K, committed 28352K, reserved 1114112K
  class space    used 3774K, committed 3904K, reserved 1048576K
}
Event: 1.867 GC heap after
{Heap after GC invocations=8 (full 0):
 garbage-first heap   total 299008K, used 12667K [0x0000000604000000, 0x0000000800000000)
  region size 4096K, 1 young (4096K), 1 survivors (4096K)
 Metaspace       used 28001K, committed 28352K, reserved 1114112K
  class space    used 3774K, committed 3904K, reserved 1048576K
}
Event: 2.260 GC heap before
{Heap before GC invocations=8 (full 0):
 garbage-first heap   total 299008K, used 90491K [0x0000000604000000, 0x0000000800000000)
  region size 4096K, 21 young (86016K), 1 survivors (4096K)
 Metaspace       used 35765K, committed 36160K, reserved 1114112K
  class space    used 4877K, committed 5056K, reserved 1048576K
}
Event: 2.264 GC heap after
{Heap after GC invocations=9 (full 0):
 garbage-first heap   total 299008K, used 15831K [0x0000000604000000, 0x0000000800000000)
  region size 4096K, 2 young (8192K), 2 survivors (8192K)
 Metaspace       used 35765K, committed 36160K, reserved 1114112K
  class space    used 4877K, committed 5056K, reserved 1048576K
}
Event: 2.586 GC heap before
{Heap before GC invocations=10 (full 0):
 garbage-first heap   total 81920K, used 64983K [0x0000000604000000, 0x0000000800000000)
  region size 4096K, 14 young (57344K), 2 survivors (8192K)
 Metaspace       used 39348K, committed 39744K, reserved 1114112K
  class space    used 5434K, committed 5632K, reserved 1048576K
}
Event: 2.591 GC heap after
{Heap after GC invocations=11 (full 0):
 garbage-first heap   total 81920K, used 18475K [0x0000000604000000, 0x0000000800000000)
  region size 4096K, 2 young (8192K), 2 survivors (8192K)
 Metaspace       used 39348K, committed 39744K, reserved 1114112K
  class space    used 5434K, committed 5632K, reserved 1048576K
}
Event: 2.623 GC heap before
{Heap before GC invocations=11 (full 0):
 garbage-first heap   total 81920K, used 22571K [0x0000000604000000, 0x0000000800000000)
  region size 4096K, 3 young (12288K), 2 survivors (8192K)
 Metaspace       used 39701K, committed 40192K, reserved 1114112K
  class space    used 5474K, committed 5696K, reserved 1048576K
}
Event: 2.627 GC heap after
{Heap after GC invocations=12 (full 0):
 garbage-first heap   total 81920K, used 19117K [0x0000000604000000, 0x0000000800000000)
  region size 4096K, 1 young (4096K), 1 survivors (4096K)
 Metaspace       used 39701K, committed 40192K, reserved 1114112K
  class space    used 5474K, committed 5696K, reserved 1048576K
}
Event: 3.849 GC heap before
{Heap before GC invocations=12 (full 0):
 garbage-first heap   total 81920K, used 55981K [0x0000000604000000, 0x0000000800000000)
  region size 4096K, 11 young (45056K), 1 survivors (4096K)
 Metaspace       used 43152K, committed 43776K, reserved 1114112K
  class space    used 5978K, committed 6272K, reserved 1048576K
}
Event: 3.853 GC heap after
{Heap after GC invocations=13 (full 0):
 garbage-first heap   total 303104K, used 21673K [0x0000000604000000, 0x0000000800000000)
  region size 4096K, 1 young (4096K), 1 survivors (4096K)
 Metaspace       used 43152K, committed 43776K, reserved 1114112K
  class space    used 5978K, committed 6272K, reserved 1048576K
}
Event: 1057.916 GC heap before
{Heap before GC invocations=13 (full 0):
 garbage-first heap   total 303104K, used 152745K [0x0000000604000000, 0x0000000800000000)
  region size 4096K, 34 young (139264K), 1 survivors (4096K)
 Metaspace       used 47658K, committed 48256K, reserved 1114112K
  class space    used 6646K, committed 6912K, reserved 1048576K
}
Event: 1057.952 GC heap after
{Heap after GC invocations=14 (full 1):
 garbage-first heap   total 98304K, used 20852K [0x0000000604000000, 0x0000000800000000)
  region size 4096K, 0 young (0K), 0 survivors (0K)
 Metaspace       used 47655K, committed 48256K, reserved 1114112K
  class space    used 6645K, committed 6912K, reserved 1048576K
}
Event: 1115.716 GC heap before
{Heap before GC invocations=14 (full 1):
 garbage-first heap   total 98304K, used 65908K [0x0000000604000000, 0x0000000800000000)
  region size 4096K, 11 young (45056K), 0 survivors (0K)
 Metaspace       used 47886K, committed 48512K, reserved 1114112K
  class space    used 6673K, committed 6976K, reserved 1048576K
}
Event: 1115.720 GC heap after
{Heap after GC invocations=15 (full 1):
 garbage-first heap   total 98304K, used 24948K [0x0000000604000000, 0x0000000800000000)
  region size 4096K, 1 young (4096K), 1 survivors (4096K)
 Metaspace       used 47886K, committed 48512K, reserved 1114112K
  class space    used 6673K, committed 6976K, reserved 1048576K
}
Event: 1117.733 GC heap before
{Heap before GC invocations=15 (full 1):
 garbage-first heap   total 98304K, used 24948K [0x0000000604000000, 0x0000000800000000)
  region size 4096K, 2 young (8192K), 1 survivors (4096K)
 Metaspace       used 47886K, committed 48512K, reserved 1114112K
  class space    used 6673K, committed 6976K, reserved 1048576K
}
Event: 1117.766 GC heap after
{Heap after GC invocations=16 (full 2):
 garbage-first heap   total 81920K, used 18357K [0x0000000604000000, 0x0000000800000000)
  region size 4096K, 0 young (0K), 0 survivors (0K)
 Metaspace       used 47661K, committed 48512K, reserved 1114112K
  class space    used 6619K, committed 6976K, reserved 1048576K
}

