# JRE version: OpenJDK Runtime Environment (18.0.1.1+2) (build 18.0.1.1+2-6)
# Java VM: OpenJDK 64-Bit Server VM (18.0.1.1+2-6, mixed mode, emulated-client, sharing, tiered, compressed oops, compressed class ptrs, g1 gc, windows-amd64)
GC Precious Log:
 CardTable entry size: 512
 Card Set container configuration: InlinePtr #cards 4 size 8 Array Of Cards #cards 32 size 80 Howl #buckets 8 coarsen threshold 7372 Howl Bitmap #cards 1024 size 144 coarsen threshold 921 Card regions per heap region 1 cards per card region 8192
 CPUs: 8 total, 8 available
 Memory: 32510M
 Large Page Support: Disabled
 NUMA Support: Disabled
 Compressed Oops: Enabled (Zero based)
 Heap Region Size: 4M
 Heap Min Capacity: 8M
 Heap Initial Capacity: 508M
 Heap Max Capacity: 8128M
 Pre-touch: Disabled
 Parallel Workers: 8
 Concurrent Workers: 2
 Concurrent Refinement Workers: 8
 Periodic GC: Disabled
Heap:
 garbage-first heap   total 69632K, used 50711K [0x0000000604000000, 0x0000000800000000)
  region size 4096K, 9 young (36864K), 1 survivors (4096K)
 Metaspace       used 47513K, committed 48064K, reserved 1114112K
  class space    used 6628K, committed 6912K, reserved 1048576K
GC Heap History (20 events):
Event: 2.297 GC heap after
{Heap after GC invocations=9 (full 0):
 garbage-first heap   total 307200K, used 15894K [0x0000000604000000, 0x0000000800000000)
  region size 4096K, 2 young (8192K), 2 survivors (8192K)
 Metaspace       used 35989K, committed 36416K, reserved 1114112K
  class space    used 4915K, committed 5120K, reserved 1048576K
}
Event: 2.625 GC heap before
{Heap before GC invocations=10 (full 0):
 garbage-first heap   total 81920K, used 65046K [0x0000000604000000, 0x0000000800000000)
  region size 4096K, 14 young (57344K), 2 survivors (8192K)
 Metaspace       used 39435K, committed 39872K, reserved 1114112K
  class space    used 5447K, committed 5632K, reserved 1048576K
}
Event: 2.630 GC heap after
{Heap after GC invocations=11 (full 0):
 garbage-first heap   total 81920K, used 18563K [0x0000000604000000, 0x0000000800000000)
  region size 4096K, 2 young (8192K), 2 survivors (8192K)
 Metaspace       used 39435K, committed 39872K, reserved 1114112K
  class space    used 5447K, committed 5632K, reserved 1048576K
}
Event: 2.654 GC heap before
{Heap before GC invocations=11 (full 0):
 garbage-first heap   total 81920K, used 22659K [0x0000000604000000, 0x0000000800000000)
  region size 4096K, 3 young (12288K), 2 survivors (8192K)
 Metaspace       used 39793K, committed 40256K, reserved 1114112K
  class space    used 5486K, committed 5696K, reserved 1048576K
}
Event: 2.658 GC heap after
{Heap after GC invocations=12 (full 0):
 garbage-first heap   total 81920K, used 19151K [0x0000000604000000, 0x0000000800000000)
  region size 4096K, 1 young (4096K), 1 survivors (4096K)
 Metaspace       used 39793K, committed 40256K, reserved 1114112K
  class space    used 5486K, committed 5696K, reserved 1048576K
}
Event: 3.396 GC heap before
{Heap before GC invocations=12 (full 0):
 garbage-first heap   total 81920K, used 56015K [0x0000000604000000, 0x0000000800000000)
  region size 4096K, 11 young (45056K), 1 survivors (4096K)
 Metaspace       used 43245K, committed 43840K, reserved 1114112K
  class space    used 5995K, committed 6272K, reserved 1048576K
}
Event: 3.400 GC heap after
{Heap after GC invocations=13 (full 0):
 garbage-first heap   total 303104K, used 21874K [0x0000000604000000, 0x0000000800000000)
  region size 4096K, 1 young (4096K), 1 survivors (4096K)
 Metaspace       used 43245K, committed 43840K, reserved 1114112K
  class space    used 5995K, committed 6272K, reserved 1048576K
}
Event: 105.836 GC heap before
{Heap before GC invocations=13 (full 0):
 garbage-first heap   total 303104K, used 54642K [0x0000000604000000, 0x0000000800000000)
  region size 4096K, 10 young (40960K), 1 survivors (4096K)
 Metaspace       used 45440K, committed 46016K, reserved 1114112K
  class space    used 6320K, committed 6592K, reserved 1048576K
}
Event: 105.866 GC heap after
{Heap after GC invocations=14 (full 1):
 garbage-first heap   total 98304K, used 20413K [0x0000000604000000, 0x0000000800000000)
  region size 4096K, 0 young (0K), 0 survivors (0K)
 Metaspace       used 45402K, committed 46016K, reserved 1114112K
  class space    used 6311K, committed 6592K, reserved 1048576K
}
Event: 162.317 GC heap before
{Heap before GC invocations=14 (full 1):
 garbage-first heap   total 98304K, used 61373K [0x0000000604000000, 0x0000000800000000)
  region size 4096K, 11 young (45056K), 0 survivors (0K)
 Metaspace       used 45632K, committed 46272K, reserved 1114112K
  class space    used 6340K, committed 6656K, reserved 1048576K
}
Event: 162.320 GC heap after
{Heap after GC invocations=15 (full 1):
 garbage-first heap   total 98304K, used 24790K [0x0000000604000000, 0x0000000800000000)
  region size 4096K, 2 young (8192K), 2 survivors (8192K)
 Metaspace       used 45632K, committed 46272K, reserved 1114112K
  class space    used 6340K, committed 6656K, reserved 1048576K
}
Event: 167.325 GC heap before
{Heap before GC invocations=15 (full 1):
 garbage-first heap   total 98304K, used 24790K [0x0000000604000000, 0x0000000800000000)
  region size 4096K, 3 young (12288K), 2 survivors (8192K)
 Metaspace       used 45632K, committed 46272K, reserved 1114112K
  class space    used 6340K, committed 6656K, reserved 1048576K
}
Event: 167.366 GC heap after
{Heap after GC invocations=16 (full 2):
 garbage-first heap   total 81920K, used 19214K [0x0000000604000000, 0x0000000800000000)
  region size 4096K, 0 young (0K), 0 survivors (0K)
 Metaspace       used 45403K, committed 46272K, reserved 1114112K
  class space    used 6285K, committed 6656K, reserved 1048576K
}
Event: 170.519 GC heap before
{Heap before GC invocations=16 (full 2):
 garbage-first heap   total 81920K, used 56078K [0x0000000604000000, 0x0000000800000000)
  region size 4096K, 9 young (36864K), 0 survivors (0K)
 Metaspace       used 45627K, committed 46272K, reserved 1114112K
  class space    used 6312K, committed 6656K, reserved 1048576K
}
Event: 170.522 GC heap after
{Heap after GC invocations=17 (full 2):
 garbage-first heap   total 81920K, used 23787K [0x0000000604000000, 0x0000000800000000)
  region size 4096K, 2 young (8192K), 2 survivors (8192K)
 Metaspace       used 45627K, committed 46272K, reserved 1114112K
  class space    used 6312K, committed 6656K, reserved 1048576K
}
Event: 309.981 GC heap before
{Heap before GC invocations=17 (full 2):
 garbage-first heap   total 81920K, used 52459K [0x0000000604000000, 0x0000000800000000)
  region size 4096K, 9 young (36864K), 2 survivors (8192K)
 Metaspace       used 47225K, committed 47680K, reserved 1114112K
  class space    used 6584K, committed 6784K, reserved 1048576K
}
Event: 309.985 GC heap after
{Heap after GC invocations=18 (full 2):
 garbage-first heap   total 81920K, used 24689K [0x0000000604000000, 0x0000000800000000)
  region size 4096K, 1 young (4096K), 1 survivors (4096K)
 Metaspace       used 47225K, committed 47680K, reserved 1114112K
  class space    used 6584K, committed 6784K, reserved 1048576K
}
Event: 455.215 GC heap before
{Heap before GC invocations=18 (full 2):
 garbage-first heap   total 81920K, used 36977K [0x0000000604000000, 0x0000000800000000)
  region size 4096K, 5 young (20480K), 1 survivors (4096K)
 Metaspace       used 47227K, committed 47680K, reserved 1114112K
  class space    used 6585K, committed 6784K, reserved 1048576K
}
Event: 455.249 GC heap after
{Heap after GC invocations=19 (full 3):
 garbage-first heap   total 69632K, used 17943K [0x0000000604000000, 0x0000000800000000)
  region size 4096K, 0 young (0K), 0 survivors (0K)
 Metaspace       used 47182K, committed 47680K, reserved 1114112K
  class space    used 6576K, committed 6784K, reserved 1048576K
}
Event: 695.721 GC heap before
{Heap before GC invocations=19 (full 3):
 garbage-first heap   total 69632K, used 50711K [0x0000000604000000, 0x0000000800000000)
  region size 4096K, 8 young (32768K), 0 survivors (0K)
 Metaspace       used 47513K, committed 48064K, reserved 1114112K
  class space    used 6628K, committed 6912K, reserved 1048576K
}

